This file contains any messages produced by compilers while
running configure, to aid debugging if configure makes a mistake.

It was created by microdc2 configure 0.15.6, which was
generated by GNU Autoconf 2.68.  Invocation command line was

  $ ./configure 

## --------- ##
## Platform. ##
## --------- ##

hostname = Hobbes
uname -m = i686
uname -r = 3.2.0-23-generic-pae
uname -s = Linux
uname -v = #36-Ubuntu SMP Tue Apr 10 22:19:09 UTC 2012

/usr/bin/uname -p = unknown
/bin/uname -X     = unknown

/bin/arch              = unknown
/usr/bin/arch -k       = unknown
/usr/convex/getsysinfo = unknown
/usr/bin/hostinfo      = unknown
/bin/machine           = unknown
/usr/bin/oslevel       = unknown
/bin/universe          = unknown

PATH: /usr/lib/lightdm/lightdm
PATH: /usr/local/sbin
PATH: /usr/local/bin
PATH: /usr/sbin
PATH: /usr/bin
PATH: /sbin
PATH: /bin
PATH: /usr/games
PATH: /usr/local/bin/bin
PATH: /usr/bin
PATH: /usr/sbin
PATH: /usr/local/bin/Leo
PATH: /cad
PATH: /cad/bin
PATH: /cad/lib
PATH: /usr/local/mosml/bin
PATH: /sbin
PATH: /home/dilawar/Scripts
PATH: /opt/Xilinx/13.4/ISE_DS/ISE/bin/lin
PATH: /opt/Bluespec-2012.01.A/bin/
PATH: /cad/altera/12.0/modelsim_ase/bin/
PATH: /usr/local/bin/gephi/bin/
PATH: /opt/Bluespec-2012.01.A/util/flexlm/x86_re3/
PATH: /opt/Bluespec-2012.01.A/lib//../bin/
PATH: /home/dilawar/cad


## ----------- ##
## Core tests. ##
## ----------- ##

configure:2590: checking for a BSD-compatible install
configure:2658: result: /usr/bin/install -c
configure:2669: checking whether build environment is sane
configure:2706: result: yes
configure:2768: checking for gawk
configure:2784: found /usr/bin/gawk
configure:2795: result: gawk
configure:2806: checking whether make sets $(MAKE)
configure:2828: result: yes

## ---------------- ##
## Cache variables. ##
## ---------------- ##

ac_cv_env_CC_set=
ac_cv_env_CC_value=
ac_cv_env_CFLAGS_set=
ac_cv_env_CFLAGS_value=
ac_cv_env_CPPFLAGS_set=
ac_cv_env_CPPFLAGS_value=
ac_cv_env_CPP_set=
ac_cv_env_CPP_value=
ac_cv_env_LDFLAGS_set=
ac_cv_env_LDFLAGS_value=
ac_cv_env_LIBS_set=
ac_cv_env_LIBS_value=
ac_cv_env_LIBXML2_CFLAGS_set=
ac_cv_env_LIBXML2_CFLAGS_value=
ac_cv_env_LIBXML2_LIBS_set=
ac_cv_env_LIBXML2_LIBS_value=
ac_cv_env_PKG_CONFIG_LIBDIR_set=
ac_cv_env_PKG_CONFIG_LIBDIR_value=
ac_cv_env_PKG_CONFIG_PATH_set=
ac_cv_env_PKG_CONFIG_PATH_value=
ac_cv_env_PKG_CONFIG_set=
ac_cv_env_PKG_CONFIG_value=
ac_cv_env_build_alias_set=
ac_cv_env_build_alias_value=
ac_cv_env_host_alias_set=
ac_cv_env_host_alias_value=
ac_cv_env_target_alias_set=
ac_cv_env_target_alias_value=
ac_cv_path_install='/usr/bin/install -c'
ac_cv_prog_AWK=gawk
ac_cv_prog_make_make_set=yes

## ----------------- ##
## Output variables. ##
## ----------------- ##

ACLOCAL=''
ALLOCA=''
ALLOCA_H=''
AMDEPBACKSLASH=''
AMDEP_FALSE=''
AMDEP_TRUE=''
AMTAR=''
AUTOCONF=''
AUTOHEADER=''
AUTOMAKE=''
AWK='gawk'
CC=''
CCDEPMODE=''
CFLAGS=''
CPP=''
CPPFLAGS=''
CYGPATH_W=''
DEFS=''
DEPDIR=''
ECHO_C=''
ECHO_N='-n'
ECHO_T=''
EGREP=''
EOVERFLOW=''
EXEEXT=''
FNMATCH_H=''
GETOPT_H=''
GMSGFMT=''
GREP=''
HAVE_LONG_64BIT=''
HAVE_LONG_LONG_64BIT=''
HAVE__BOOL=''
INSTALL_DATA='${INSTALL} -m 644'
INSTALL_PROGRAM='${INSTALL}'
INSTALL_SCRIPT='${INSTALL}'
INSTALL_STRIP_PROGRAM=''
INTLLIBS=''
INTL_MACOSX_LIBS=''
LDFLAGS=''
LIBICONV=''
LIBINTL=''
LIBOBJS=''
LIBS=''
LIBXML2_CFLAGS=''
LIBXML2_LIBS=''
LOCALEDIR=''
LTLIBICONV=''
LTLIBINTL=''
LTLIBOBJS=''
MAINT=''
MAINTAINER_MODE_FALSE=''
MAINTAINER_MODE_TRUE=''
MAKEINFO=''
MKINSTALLDIRS=''
MSGFMT=''
MSGMERGE=''
OBJEXT=''
PACKAGE=''
PACKAGE_BUGREPORT='vladch@k804.mainet.msk.su'
PACKAGE_NAME='microdc2'
PACKAGE_STRING='microdc2 0.15.6'
PACKAGE_TARNAME='microdc2'
PACKAGE_URL=''
PACKAGE_VERSION='0.15.6'
PATH_SEPARATOR=':'
PKG_CONFIG=''
PKG_CONFIG_LIBDIR=''
PKG_CONFIG_PATH=''
POSUB=''
RANLIB=''
READLINE_LIBS=''
SET_MAKE=''
SHELL='/bin/bash'
STDBOOL_H=''
STDINT_H=''
STRIP=''
USE_NLS=''
VERSION=''
XGETTEXT=''
ac_ct_CC=''
am__fastdepCC_FALSE=''
am__fastdepCC_TRUE=''
am__include=''
am__leading_dot=''
am__quote=''
am__tar=''
am__untar=''
bindir='${exec_prefix}/bin'
build=''
build_alias=''
build_cpu=''
build_os=''
build_vendor=''
datadir='${datarootdir}'
datarootdir='${prefix}/share'
docdir='${datarootdir}/doc/${PACKAGE_TARNAME}'
dvidir='${docdir}'
exec_prefix='NONE'
host=''
host_alias=''
host_cpu=''
host_os=''
host_vendor=''
htmldir='${docdir}'
includedir='${prefix}/include'
infodir='${datarootdir}/info'
install_sh=''
libdir='${exec_prefix}/lib'
libexecdir='${exec_prefix}/libexec'
localedir='${datarootdir}/locale'
localstatedir='${prefix}/var'
mandir='${datarootdir}/man'
mkdir_p='mkdir -p --'
oldincludedir='/usr/include'
pdfdir='${docdir}'
prefix='NONE'
program_transform_name='s,x,x,'
psdir='${docdir}'
sbindir='${exec_prefix}/sbin'
sharedstatedir='${prefix}/com'
sysconfdir='${prefix}/etc'
target_alias=''

## ----------- ##
## confdefs.h. ##
## ----------- ##

/* confdefs.h */
#define PACKAGE_NAME "microdc2"
#define PACKAGE_TARNAME "microdc2"
#define PACKAGE_VERSION "0.15.6"
#define PACKAGE_STRING "microdc2 0.15.6"
#define PACKAGE_BUGREPORT "vladch@k804.mainet.msk.su"
#define PACKAGE_URL ""

configure: caught signal 2
configure: exit 1
